<?xml version="1.0" encoding="UTF-8"?>
<testsuite xmlns:xsi="http://www.w3.org/2001/XMLSchema-instance" xsi:noNamespaceSchemaLocation="https://maven.apache.org/surefire/maven-surefire-plugin/xsd/surefire-test-report-3.0.xsd" version="3.0" name="UtilisateurTest" time="0.343" tests="7" errors="0" skipped="0" failures="0">
  <properties>
    <property name="java.specification.version" value="21"/>
    <property name="sun.cpu.isalist" value="amd64"/>
    <property name="sun.jnu.encoding" value="Cp1252"/>
    <property name="java.class.path" value="H:\Icad\target\test-classes;H:\Icad\target\classes;C:\Users\Kyorai\.m2\repository\com\mysql\mysql-connector-j\8.0.33\mysql-connector-j-8.0.33.jar;C:\Users\Kyorai\.m2\repository\com\google\protobuf\protobuf-java\3.21.9\protobuf-java-3.21.9.jar;C:\Users\Kyorai\.m2\repository\org\junit\jupiter\junit-jupiter-api\5.10.2\junit-jupiter-api-5.10.2.jar;C:\Users\Kyorai\.m2\repository\org\opentest4j\opentest4j\1.3.0\opentest4j-1.3.0.jar;C:\Users\Kyorai\.m2\repository\org\junit\platform\junit-platform-commons\1.10.2\junit-platform-commons-1.10.2.jar;C:\Users\Kyorai\.m2\repository\org\apiguardian\apiguardian-api\1.1.2\apiguardian-api-1.1.2.jar;C:\Users\Kyorai\.m2\repository\org\mindrot\jbcrypt\0.4\jbcrypt-0.4.jar;"/>
    <property name="java.vm.vendor" value="Oracle Corporation"/>
    <property name="sun.arch.data.model" value="64"/>
    <property name="user.variant" value=""/>
    <property name="java.vendor.url" value="https://java.oracle.com/"/>
    <property name="user.timezone" value="Europe/Paris"/>
    <property name="os.name" value="Windows 10"/>
    <property name="java.vm.specification.version" value="21"/>
    <property name="user.country" value="FR"/>
    <property name="sun.java.launcher" value="SUN_STANDARD"/>
    <property name="sun.boot.library.path" value="C:\Program Files\Java\jdk-21\bin"/>
    <property name="sun.java.command" value="C:\Users\Kyorai\AppData\Local\Temp\surefire15180985982666657277\surefirebooter-20240409231549769_3.jar C:\Users\Kyorai\AppData\Local\Temp\surefire15180985982666657277 2024-04-09T23-15-49_606-jvmRun1 surefire-20240409231549769_1tmp surefire_0-20240409231549769_2tmp"/>
    <property name="jdk.debug" value="release"/>
    <property name="test" value="UtilisateurTest"/>
    <property name="surefire.test.class.path" value="H:\Icad\target\test-classes;H:\Icad\target\classes;C:\Users\Kyorai\.m2\repository\com\mysql\mysql-connector-j\8.0.33\mysql-connector-j-8.0.33.jar;C:\Users\Kyorai\.m2\repository\com\google\protobuf\protobuf-java\3.21.9\protobuf-java-3.21.9.jar;C:\Users\Kyorai\.m2\repository\org\junit\jupiter\junit-jupiter-api\5.10.2\junit-jupiter-api-5.10.2.jar;C:\Users\Kyorai\.m2\repository\org\opentest4j\opentest4j\1.3.0\opentest4j-1.3.0.jar;C:\Users\Kyorai\.m2\repository\org\junit\platform\junit-platform-commons\1.10.2\junit-platform-commons-1.10.2.jar;C:\Users\Kyorai\.m2\repository\org\apiguardian\apiguardian-api\1.1.2\apiguardian-api-1.1.2.jar;C:\Users\Kyorai\.m2\repository\org\mindrot\jbcrypt\0.4\jbcrypt-0.4.jar;"/>
    <property name="sun.cpu.endian" value="little"/>
    <property name="user.home" value="C:\Users\Kyorai"/>
    <property name="user.language" value="fr"/>
    <property name="java.specification.vendor" value="Oracle Corporation"/>
    <property name="java.version.date" value="2024-01-16"/>
    <property name="java.home" value="C:\Program Files\Java\jdk-21"/>
    <property name="file.separator" value="\"/>
    <property name="basedir" value="H:\Icad"/>
    <property name="java.vm.compressedOopsMode" value="Zero based"/>
    <property name="line.separator" value="&#10;"/>
    <property name="java.vm.specification.vendor" value="Oracle Corporation"/>
    <property name="java.specification.name" value="Java Platform API Specification"/>
    <property name="surefire.real.class.path" value="C:\Users\Kyorai\AppData\Local\Temp\surefire15180985982666657277\surefirebooter-20240409231549769_3.jar"/>
    <property name="user.script" value=""/>
    <property name="sun.management.compiler" value="HotSpot 64-Bit Tiered Compilers"/>
    <property name="java.runtime.version" value="21.0.2+13-LTS-58"/>
    <property name="user.name" value="Kyorai"/>
    <property name="stdout.encoding" value="Cp1252"/>
    <property name="path.separator" value=";"/>
    <property name="os.version" value="10.0"/>
    <property name="java.runtime.name" value="Java(TM) SE Runtime Environment"/>
    <property name="file.encoding" value="UTF-8"/>
    <property name="java.vm.name" value="Java HotSpot(TM) 64-Bit Server VM"/>
    <property name="maven.ext.class.path" value="C:\Program Files\NetBeans-21\netbeans\java\maven-nblib\netbeans-eventspy.jar"/>
    <property name="localRepository" value="C:\Users\Kyorai\.m2\repository"/>
    <property name="java.vendor.url.bug" value="https://bugreport.java.com/bugreport/"/>
    <property name="java.io.tmpdir" value="C:\Users\Kyorai\AppData\Local\Temp\"/>
    <property name="java.version" value="21.0.2"/>
    <property name="user.dir" value="H:\Icad"/>
    <property name="os.arch" value="amd64"/>
    <property name="java.vm.specification.name" value="Java Virtual Machine Specification"/>
    <property name="sun.os.patch.level" value=""/>
    <property name="native.encoding" value="Cp1252"/>
    <property name="java.library.path" value="C:\Program Files\Java\jdk-21\bin;C:\Windows\Sun\Java\bin;C:\Windows\system32;C:\Windows;C:\Program Files\Common Files\Oracle\Java\javapath;C:\Program Files (x86)\Common Files\Intel\Shared Libraries\redist\intel64\compiler;C:\Windows\system32;C:\Windows;C:\Windows\System32\Wbem;C:\Windows\System32\WindowsPowerShell\v1.0\;C:\Windows\System32\OpenSSH\;C:\Program Files\dotnet\;C:\Program Files (x86)\NVIDIA Corporation\PhysX\Common;C:\Program Files\NVIDIA Corporation\NVIDIA NvDLISR;C:\Program Files\nodejs\;C:\wamp64\bin\php\php8.2.0;C:\ProgramData\ComposerSetup\bin;C:\Program Files\Git\cmd;C:\Users\Kyorai\AppData\Local\Microsoft\WindowsApps;C:\Users\Kyorai\AppData\Local\Programs\Microsoft VS Code\bin;C:\Users\Kyorai\.dotnet\tools;C:\Users\Kyorai\AppData\Roaming\npm;C:\Users\Kyorai\AppData\Roaming\Composer\vendor\bin;."/>
    <property name="java.vm.info" value="mixed mode, sharing"/>
    <property name="stderr.encoding" value="Cp1252"/>
    <property name="java.vendor" value="Oracle Corporation"/>
    <property name="java.vm.version" value="21.0.2+13-LTS-58"/>
    <property name="sun.io.unicode.encoding" value="UnicodeLittle"/>
    <property name="java.class.version" value="65.0"/>
  </properties>
  <testcase name="insertUtilisateur2" classname="UtilisateurTest" time="0.253">
    <system-out><![CDATA[mysqlconnectortest avant  non c'est ouver
mysqlconnectortest apres  non c'est ouver
]]></system-out>
  </testcase>
  <testcase name="testUtilisateurConstructorAndGetters" classname="UtilisateurTest" time="0.002"/>
  <testcase name="getUtilisateur" classname="UtilisateurTest" time="0.03">
    <system-out><![CDATA[getutilisateur avant  non c'est ouver
getUtilisateur avant est ouvert
getUtilisateur pendant est ouvert
getUtilisateur apres est ouvert
[Utilisateur{idUtilisateur=1, nomUser=Joando, prenomUser=Kevin, motDePasseUser=$2y$10$Gz3X9gsSRpstwIvpjD0Aw.P3dgBmsW0R4OmN5yK6rkGOTyEBzz4le, emailUser=kevinjoando@gmail.com, fonctionUser=Veterinaire, adresseUser=1Bis impasse du chateau, villeUser=Caussade, codePostalUser=82300, telephoneUser=0836656565}, Utilisateur{idUtilisateur=2, nomUser=Joando, prenomUser=Kevin FÃ©lix, motDePasseUser=$2y$10$80Mvjt1z8JLfOXnZHqEgoOhaj6zJlreW99IKTFJieOOaaK2gzjpKa, emailUser=kevinjoaqqqndo@gmail.com, fonctionUser=Veterinaire, adresseUser=1Bis impasse du chateau, villeUser=Caussade, codePostalUser=82300, telephoneUser=+336528656}, Utilisateur{idUtilisateur=3, nomUser=dead, prenomUser=bob's, motDePasseUser=$2y$10$mMGpWeOVUSRzuMCGTIKqcuksw35oIKz3TMLbMeU4DDvvV0AHvu18q, emailUser=caca@gmail.com, fonctionUser=Veterinaire, adresseUser=1111 avenue, villeUser=aaaa, codePostalUser=33220, telephoneUser=0652865668}, Utilisateur{idUtilisateur=4, nomUser=dead, prenomUser=bob's, motDePasseUser=$2y$10$gkxIqJ0U8BRtuUaeoOlS1.5FbyliJgGIVmHr1d5lF2ZbGRoRnE2xO, emailUser=caaca@gmail.com, fonctionUser=Veterinaire, adresseUser=1111 avenue, villeUser=aaaa, codePostalUser=33220, telephoneUser=0652865668}, Utilisateur{idUtilisateur=5, nomUser=dead, prenomUser=bob's, motDePasseUser=$2y$10$6oWpmL1EReUXfMYz/iw5z.u6D2If36ixUU8ES4WhmCDHiTxnF4aMq, emailUser=caqaca@gmail.com, fonctionUser=Veterinaire, adresseUser=1111 avenue, villeUser=aaaa, codePostalUser=33220, telephoneUser=0652865668}, Utilisateur{idUtilisateur=6, nomUser=dead, prenomUser=bob's, motDePasseUser=$2y$10$hZWOLFS9TLRyJ7LIUG40KeoQabg4qu302jPlIM3yOKWAT38sHTWQK, emailUser=kevissssnjoando@gmail.com, fonctionUser=Veterinaire, adresseUser=1111 avenue, villeUser=aaaa, codePostalUser=33220, telephoneUser=0652865668}, Utilisateur{idUtilisateur=7, nomUser=dead, prenomUser=bob's, motDePasseUser=$2y$10$M9gzpUv8iEqmoz9WfIm7kOXHHq8530BqlSYmbZGZtW2cZ6EO9vYhu, emailUser=kaaaaadadadadaevinjoando@gmail.com, fonctionUser=Veterinaire, adresseUser=1111 avenue, villeUser=aaaa, codePostalUser=33220, telephoneUser=0652865668}, Utilisateur{idUtilisateur=8, nomUser=dead, prenomUser=bob's, motDePasseUser=$2y$10$9gPBgDtsaGh/h4bN6gmIq.rdOZC2NYydhbRki.DixaeTTwFRz2iEW, emailUser=salut@gmail.com, fonctionUser=Veterinaire, adresseUser=1111 avenue, villeUser=aaaa, codePostalUser=33220, telephoneUser=0652865668}, Utilisateur{idUtilisateur=9, nomUser=Nom, prenomUser=Prenom, motDePasseUser=Motdepasse, emailUser=email@gmail.com, fonctionUser=fonction, adresseUser=adresse, villeUser=ville, codePostalUser=codepostal, telephoneUser=0606060606}, Utilisateur{idUtilisateur=10, nomUser=nomUser, prenomUser=prenomUser, motDePasseUser=motDePasseUser, emailUser=emailUser, fonctionUser=fonctionUser, adresseUser=adresseUser, villeUser=villeUser, codePostalUser=82300, telephoneUser=0606060606}, Utilisateur{idUtilisateur=11, nomUser=nomUser, prenomUser=prenomUser, motDePasseUser=motDePasseUser, emailUser=emailUser, fonctionUser=fonctionUser, adresseUser=adresseUser, villeUser=villeUser, codePostalUser=82300, telephoneUser=0606060606}, Utilisateur{idUtilisateur=12, nomUser=nomUser, prenomUser=prenomUser, motDePasseUser=motDePasseUser, emailUser=emailUser, fonctionUser=fonctionUser, adresseUser=adresseUser, villeUser=villeUser, codePostalUser=82300, telephoneUser=0606060606}, Utilisateur{idUtilisateur=13, nomUser=nomUser, prenomUser=prenomUser, motDePasseUser=motDePasseUser, emailUser=emailUser, fonctionUser=fonctionUser, adresseUser=adresseUser, villeUser=villeUser, codePostalUser=82300, telephoneUser=0606060606}, Utilisateur{idUtilisateur=14, nomUser=nomUser, prenomUser=prenomUser, motDePasseUser=motDePasseUser, emailUser=emailUser, fonctionUser=fonctionUser, adresseUser=adresseUser, villeUser=villeUser, codePostalUser=82300, telephoneUser=0606060606}]
getutilisateur apres  non c'est ouver
]]></system-out>
  </testcase>
  <testcase name="testUtilisateurSetters" classname="UtilisateurTest" time="0.003"/>
  <testcase name="mysqlconnectortest" classname="UtilisateurTest" time="0.003">
    <system-out><![CDATA[mysqlconnectortest avant  non c'est ouver
mysqlconnectortest apres  non c'est ouver
]]></system-out>
  </testcase>
  <testcase name="getUtilisateur2" classname="UtilisateurTest" time="0.006">
    <system-out><![CDATA[getUtilisateur avant est ouvert
getUtilisateur pendant est ouvert
getUtilisateur apres est ouvert
[Utilisateur{idUtilisateur=1, nomUser=Joando, prenomUser=Kevin, motDePasseUser=$2y$10$Gz3X9gsSRpstwIvpjD0Aw.P3dgBmsW0R4OmN5yK6rkGOTyEBzz4le, emailUser=kevinjoando@gmail.com, fonctionUser=Veterinaire, adresseUser=1Bis impasse du chateau, villeUser=Caussade, codePostalUser=82300, telephoneUser=0836656565}, Utilisateur{idUtilisateur=2, nomUser=Joando, prenomUser=Kevin FÃ©lix, motDePasseUser=$2y$10$80Mvjt1z8JLfOXnZHqEgoOhaj6zJlreW99IKTFJieOOaaK2gzjpKa, emailUser=kevinjoaqqqndo@gmail.com, fonctionUser=Veterinaire, adresseUser=1Bis impasse du chateau, villeUser=Caussade, codePostalUser=82300, telephoneUser=+336528656}, Utilisateur{idUtilisateur=3, nomUser=dead, prenomUser=bob's, motDePasseUser=$2y$10$mMGpWeOVUSRzuMCGTIKqcuksw35oIKz3TMLbMeU4DDvvV0AHvu18q, emailUser=caca@gmail.com, fonctionUser=Veterinaire, adresseUser=1111 avenue, villeUser=aaaa, codePostalUser=33220, telephoneUser=0652865668}, Utilisateur{idUtilisateur=4, nomUser=dead, prenomUser=bob's, motDePasseUser=$2y$10$gkxIqJ0U8BRtuUaeoOlS1.5FbyliJgGIVmHr1d5lF2ZbGRoRnE2xO, emailUser=caaca@gmail.com, fonctionUser=Veterinaire, adresseUser=1111 avenue, villeUser=aaaa, codePostalUser=33220, telephoneUser=0652865668}, Utilisateur{idUtilisateur=5, nomUser=dead, prenomUser=bob's, motDePasseUser=$2y$10$6oWpmL1EReUXfMYz/iw5z.u6D2If36ixUU8ES4WhmCDHiTxnF4aMq, emailUser=caqaca@gmail.com, fonctionUser=Veterinaire, adresseUser=1111 avenue, villeUser=aaaa, codePostalUser=33220, telephoneUser=0652865668}, Utilisateur{idUtilisateur=6, nomUser=dead, prenomUser=bob's, motDePasseUser=$2y$10$hZWOLFS9TLRyJ7LIUG40KeoQabg4qu302jPlIM3yOKWAT38sHTWQK, emailUser=kevissssnjoando@gmail.com, fonctionUser=Veterinaire, adresseUser=1111 avenue, villeUser=aaaa, codePostalUser=33220, telephoneUser=0652865668}, Utilisateur{idUtilisateur=7, nomUser=dead, prenomUser=bob's, motDePasseUser=$2y$10$M9gzpUv8iEqmoz9WfIm7kOXHHq8530BqlSYmbZGZtW2cZ6EO9vYhu, emailUser=kaaaaadadadadaevinjoando@gmail.com, fonctionUser=Veterinaire, adresseUser=1111 avenue, villeUser=aaaa, codePostalUser=33220, telephoneUser=0652865668}, Utilisateur{idUtilisateur=8, nomUser=dead, prenomUser=bob's, motDePasseUser=$2y$10$9gPBgDtsaGh/h4bN6gmIq.rdOZC2NYydhbRki.DixaeTTwFRz2iEW, emailUser=salut@gmail.com, fonctionUser=Veterinaire, adresseUser=1111 avenue, villeUser=aaaa, codePostalUser=33220, telephoneUser=0652865668}, Utilisateur{idUtilisateur=9, nomUser=Nom, prenomUser=Prenom, motDePasseUser=Motdepasse, emailUser=email@gmail.com, fonctionUser=fonction, adresseUser=adresse, villeUser=ville, codePostalUser=codepostal, telephoneUser=0606060606}, Utilisateur{idUtilisateur=10, nomUser=nomUser, prenomUser=prenomUser, motDePasseUser=motDePasseUser, emailUser=emailUser, fonctionUser=fonctionUser, adresseUser=adresseUser, villeUser=villeUser, codePostalUser=82300, telephoneUser=0606060606}, Utilisateur{idUtilisateur=11, nomUser=nomUser, prenomUser=prenomUser, motDePasseUser=motDePasseUser, emailUser=emailUser, fonctionUser=fonctionUser, adresseUser=adresseUser, villeUser=villeUser, codePostalUser=82300, telephoneUser=0606060606}, Utilisateur{idUtilisateur=12, nomUser=nomUser, prenomUser=prenomUser, motDePasseUser=motDePasseUser, emailUser=emailUser, fonctionUser=fonctionUser, adresseUser=adresseUser, villeUser=villeUser, codePostalUser=82300, telephoneUser=0606060606}, Utilisateur{idUtilisateur=13, nomUser=nomUser, prenomUser=prenomUser, motDePasseUser=motDePasseUser, emailUser=emailUser, fonctionUser=fonctionUser, adresseUser=adresseUser, villeUser=villeUser, codePostalUser=82300, telephoneUser=0606060606}, Utilisateur{idUtilisateur=14, nomUser=nomUser, prenomUser=prenomUser, motDePasseUser=motDePasseUser, emailUser=emailUser, fonctionUser=fonctionUser, adresseUser=adresseUser, villeUser=villeUser, codePostalUser=82300, telephoneUser=0606060606}]
]]></system-out>
  </testcase>
  <testcase name="insertUtilisateur" classname="UtilisateurTest" time="0.009">
    <system-out><![CDATA[mysqlconnectortest avant  non c'est ouver
mysqlconnectortest apres  non c'est ouver
]]></system-out>
  </testcase>
</testsuite>